# JRE version: OpenJDK Runtime Environment Temurin-17.0.7+7 (17.0.7+7) (build 17.0.7+7)
# Java VM: OpenJDK 64-Bit Server VM Temurin-17.0.7+7 (17.0.7+7, mixed mode, emulated-client, tiered, compressed oops, compressed class ptrs, g1 gc, windows-amd64)
GC Precious Log:
 CPUs: 8 total, 8 available
 Memory: 8066M
 Large Page Support: Disabled
 NUMA Support: Disabled
 Compressed Oops: Enabled (32-bit)
 Heap Region Size: 1M
 Heap Min Capacity: 8M
 Heap Initial Capacity: 128M
 Heap Max Capacity: 2018M
 Pre-touch: Disabled
 Parallel Workers: 8
 Concurrent Workers: 2
 Concurrent Refinement Workers: 8
 Periodic GC: Disabled
Heap:
 garbage-first heap   total 61440K, used 36365K [0x0000000081e00000, 0x0000000100000000)
  region size 1024K, 19 young (19456K), 4 survivors (4096K)
 Metaspace       used 48222K, committed 48704K, reserved 1114112K
  class space    used 6362K, committed 6592K, reserved 1048576K
GC Heap History (20 events):
Event: 3.869 GC heap before
{Heap before GC invocations=5 (full 0):
 garbage-first heap   total 40960K, used 12466K [0x0000000081e00000, 0x0000000100000000)
  region size 1024K, 4 young (4096K), 3 survivors (3072K)
 Metaspace       used 24398K, committed 24768K, reserved 1114112K
  class space    used 3040K, committed 3200K, reserved 1048576K
}
Event: 3.873 GC heap after
{Heap after GC invocations=6 (full 0):
 garbage-first heap   total 40960K, used 11568K [0x0000000081e00000, 0x0000000100000000)
  region size 1024K, 1 young (1024K), 1 survivors (1024K)
 Metaspace       used 24398K, committed 24768K, reserved 1114112K
  class space    used 3040K, committed 3200K, reserved 1048576K
}
Event: 4.232 GC heap before
{Heap before GC invocations=6 (full 0):
 garbage-first heap   total 40960K, used 26928K [0x0000000081e00000, 0x0000000100000000)
  region size 1024K, 17 young (17408K), 1 survivors (1024K)
 Metaspace       used 26768K, committed 27072K, reserved 1114112K
  class space    used 3283K, committed 3456K, reserved 1048576K
}
Event: 4.235 GC heap after
{Heap after GC invocations=7 (full 0):
 garbage-first heap   total 40960K, used 12727K [0x0000000081e00000, 0x0000000100000000)
  region size 1024K, 2 young (2048K), 2 survivors (2048K)
 Metaspace       used 26768K, committed 27072K, reserved 1114112K
  class space    used 3283K, committed 3456K, reserved 1048576K
}
Event: 4.697 GC heap before
{Heap before GC invocations=7 (full 0):
 garbage-first heap   total 40960K, used 28087K [0x0000000081e00000, 0x0000000100000000)
  region size 1024K, 18 young (18432K), 2 survivors (2048K)
 Metaspace       used 29697K, committed 30080K, reserved 1114112K
  class space    used 3604K, committed 3776K, reserved 1048576K
}
Event: 4.701 GC heap after
{Heap after GC invocations=8 (full 0):
 garbage-first heap   total 40960K, used 13651K [0x0000000081e00000, 0x0000000100000000)
  region size 1024K, 1 young (1024K), 1 survivors (1024K)
 Metaspace       used 29697K, committed 30080K, reserved 1114112K
  class space    used 3604K, committed 3776K, reserved 1048576K
}
Event: 5.081 GC heap before
{Heap before GC invocations=8 (full 0):
 garbage-first heap   total 40960K, used 30035K [0x0000000081e00000, 0x0000000100000000)
  region size 1024K, 17 young (17408K), 1 survivors (1024K)
 Metaspace       used 32301K, committed 32640K, reserved 1114112K
  class space    used 3945K, committed 4096K, reserved 1048576K
}
Event: 5.086 GC heap after
{Heap after GC invocations=9 (full 0):
 garbage-first heap   total 40960K, used 15078K [0x0000000081e00000, 0x0000000100000000)
  region size 1024K, 3 young (3072K), 3 survivors (3072K)
 Metaspace       used 32301K, committed 32640K, reserved 1114112K
  class space    used 3945K, committed 4096K, reserved 1048576K
}
Event: 5.497 GC heap before
{Heap before GC invocations=9 (full 0):
 garbage-first heap   total 40960K, used 30438K [0x0000000081e00000, 0x0000000100000000)
  region size 1024K, 18 young (18432K), 3 survivors (3072K)
 Metaspace       used 33546K, committed 33856K, reserved 1114112K
  class space    used 4120K, committed 4224K, reserved 1048576K
}
Event: 5.506 GC heap after
{Heap after GC invocations=10 (full 0):
 garbage-first heap   total 40960K, used 16246K [0x0000000081e00000, 0x0000000100000000)
  region size 1024K, 2 young (2048K), 2 survivors (2048K)
 Metaspace       used 33546K, committed 33856K, reserved 1114112K
  class space    used 4120K, committed 4224K, reserved 1048576K
}
Event: 5.917 GC heap before
{Heap before GC invocations=10 (full 0):
 garbage-first heap   total 40960K, used 30582K [0x0000000081e00000, 0x0000000100000000)
  region size 1024K, 16 young (16384K), 2 survivors (2048K)
 Metaspace       used 35547K, committed 35840K, reserved 1114112K
  class space    used 4371K, committed 4480K, reserved 1048576K
}
Event: 5.924 GC heap after
{Heap after GC invocations=11 (full 0):
 garbage-first heap   total 65536K, used 17166K [0x0000000081e00000, 0x0000000100000000)
  region size 1024K, 1 young (1024K), 1 survivors (1024K)
 Metaspace       used 35547K, committed 35840K, reserved 1114112K
  class space    used 4371K, committed 4480K, reserved 1048576K
}
Event: 5.973 GC heap before
{Heap before GC invocations=11 (full 0):
 garbage-first heap   total 65536K, used 18190K [0x0000000081e00000, 0x0000000100000000)
  region size 1024K, 3 young (3072K), 1 survivors (1024K)
 Metaspace       used 35827K, committed 36096K, reserved 1114112K
  class space    used 4437K, committed 4544K, reserved 1048576K
}
Event: 5.977 GC heap after
{Heap after GC invocations=12 (full 0):
 garbage-first heap   total 65536K, used 17186K [0x0000000081e00000, 0x0000000100000000)
  region size 1024K, 1 young (1024K), 1 survivors (1024K)
 Metaspace       used 35827K, committed 36096K, reserved 1114112K
  class space    used 4437K, committed 4544K, reserved 1048576K
}
Event: 7.101 GC heap before
{Heap before GC invocations=13 (full 0):
 garbage-first heap   total 61440K, used 50978K [0x0000000081e00000, 0x0000000100000000)
  region size 1024K, 34 young (34816K), 1 survivors (1024K)
 Metaspace       used 40230K, committed 40640K, reserved 1114112K
  class space    used 5196K, committed 5376K, reserved 1048576K
}
Event: 7.111 GC heap after
{Heap after GC invocations=14 (full 0):
 garbage-first heap   total 61440K, used 19416K [0x0000000081e00000, 0x0000000100000000)
  region size 1024K, 4 young (4096K), 4 survivors (4096K)
 Metaspace       used 40230K, committed 40640K, reserved 1114112K
  class space    used 5196K, committed 5376K, reserved 1048576K
}
Event: 8.057 GC heap before
{Heap before GC invocations=14 (full 0):
 garbage-first heap   total 61440K, used 48088K [0x0000000081e00000, 0x0000000100000000)
  region size 1024K, 31 young (31744K), 4 survivors (4096K)
 Metaspace       used 43601K, committed 44096K, reserved 1114112K
  class space    used 5668K, committed 5888K, reserved 1048576K
}
Event: 8.070 GC heap after
{Heap after GC invocations=15 (full 0):
 garbage-first heap   total 61440K, used 21372K [0x0000000081e00000, 0x0000000100000000)
  region size 1024K, 2 young (2048K), 2 survivors (2048K)
 Metaspace       used 43601K, committed 44096K, reserved 1114112K
  class space    used 5668K, committed 5888K, reserved 1048576K
}
Event: 8.651 GC heap before
{Heap before GC invocations=15 (full 0):
 garbage-first heap   total 61440K, used 47996K [0x0000000081e00000, 0x0000000100000000)
  region size 1024K, 29 young (29696K), 2 survivors (2048K)
 Metaspace       used 45770K, committed 46272K, reserved 1114112K
  class space    used 6015K, committed 6272K, reserved 1048576K
}
Event: 8.655 GC heap after
{Heap after GC invocations=16 (full 0):
 garbage-first heap   total 61440K, used 23053K [0x0000000081e00000, 0x0000000100000000)
  region size 1024K, 4 young (4096K), 4 survivors (4096K)
 Metaspace       used 45770K, committed 46272K, reserved 1114112K
  class space    used 6015K, committed 6272K, reserved 1048576K
}

